C:\Program Files\Microsoft Visual Studio\2022\Professional\MSBuild\Microsoft\VC\v170\Microsoft.CppBuild.targets(514,5): warning MSB8028: The intermediate directory (x64\Debug\) contains files shared from another project (SnakeLab4.vcxproj).  This can lead to incorrect clean and rebuild behavior.
<<<<<<< Updated upstream
opengl.obj : error LNK2019: unresolved external symbol gladLoadGLLoader referenced in function "public: __cdecl OpenGL::OpenGL(int,int,char const *,bool,int)" (??0OpenGL@@QEAA@HHPEBD_NH@Z)
=======
  block.cpp
D:\Python\StudHM\oop\Lab3-OOP\Snake\block.cpp(22,16): warning C4244: '=': conversion from 'float' to 'int', possible loss of data
D:\Python\StudHM\oop\Lab3-OOP\Snake\block.cpp(23,17): warning C4244: '=': conversion from 'float' to 'int', possible loss of data
D:\Python\StudHM\oop\Lab3-OOP\Snake\block.cpp(63,17): warning C4838: conversion from 'int' to 'float' requires a narrowing conversion
D:\Python\StudHM\oop\Lab3-OOP\Snake\block.cpp(63,17): warning C4244: 'initializing': conversion from 'int' to 'float', possible loss of data
D:\Python\StudHM\oop\Lab3-OOP\Snake\block.cpp(63,24): warning C4838: conversion from 'int' to 'float' requires a narrowing conversion
D:\Python\StudHM\oop\Lab3-OOP\Snake\block.cpp(63,24): warning C4244: 'initializing': conversion from 'int' to 'float', possible loss of data
  opengl.cpp
D:\Python\StudHM\oop\Lab3-OOP\Snake\opengl.cpp(90,23): warning C4244: 'return': conversion from 'double' to 'float', possible loss of data
D:\Python\StudHM\oop\Lab3-OOP\Snake\opengl.cpp(134,27): warning C4244: 'argument': conversion from 'int' to 'float', possible loss of data
D:\Python\StudHM\oop\Lab3-OOP\Snake\opengl.cpp(134,18): warning C4244: 'argument': conversion from 'int' to 'float', possible loss of data
D:\Python\StudHM\oop\Lab3-OOP\Snake\opengl.cpp(134,9): warning C4244: 'argument': conversion from 'int' to 'float', possible loss of data
D:\Python\StudHM\oop\Lab3-OOP\Snake\opengl.cpp(142,32): warning C4838: conversion from 'float' to 'unsigned char' requires a narrowing conversion
D:\Python\StudHM\oop\Lab3-OOP\Snake\opengl.cpp(142,32): warning C4244: 'initializing': conversion from 'float' to 'unsigned char', possible loss of data
D:\Python\StudHM\oop\Lab3-OOP\Snake\opengl.cpp(142,41): warning C4838: conversion from 'float' to 'unsigned char' requires a narrowing conversion
D:\Python\StudHM\oop\Lab3-OOP\Snake\opengl.cpp(142,41): warning C4244: 'initializing': conversion from 'float' to 'unsigned char', possible loss of data
D:\Python\StudHM\oop\Lab3-OOP\Snake\opengl.cpp(142,50): warning C4838: conversion from 'float' to 'unsigned char' requires a narrowing conversion
D:\Python\StudHM\oop\Lab3-OOP\Snake\opengl.cpp(142,50): warning C4244: 'initializing': conversion from 'float' to 'unsigned char', possible loss of data
  snake_control.cpp
  Snake.cpp
D:\Python\StudHM\oop\Lab3-OOP\Snake\Snake.cpp(29,12): warning C4244: 'argument': conversion from 'time_t' to 'unsigned int', possible loss of data
D:\Python\StudHM\oop\Lab3-OOP\Snake\Snake.cpp(204,13): warning C4244: 'argument': conversion from 'int' to 'float', possible loss of data
D:\Python\StudHM\oop\Lab3-OOP\Snake\Snake.cpp(205,13): warning C4244: 'argument': conversion from 'int' to 'float', possible loss of data
  Generating Code...
  glad.c
>>>>>>> Stashed changes
opengl.obj : error LNK2019: unresolved external symbol glfwInit referenced in function "public: __cdecl OpenGL::OpenGL(int,int,char const *,bool,int)" (??0OpenGL@@QEAA@HHPEBD_NH@Z)
opengl.obj : error LNK2019: unresolved external symbol glfwWindowHint referenced in function "public: __cdecl OpenGL::OpenGL(int,int,char const *,bool,int)" (??0OpenGL@@QEAA@HHPEBD_NH@Z)
opengl.obj : error LNK2019: unresolved external symbol glfwCreateWindow referenced in function "public: __cdecl OpenGL::OpenGL(int,int,char const *,bool,int)" (??0OpenGL@@QEAA@HHPEBD_NH@Z)
opengl.obj : error LNK2019: unresolved external symbol glfwSetWindowShouldClose referenced in function "void __cdecl key_callback(struct GLFWwindow *,int,int,int,int)" (?key_callback@@YAXPEAUGLFWwindow@@HHHH@Z)
opengl.obj : error LNK2019: unresolved external symbol glfwSetFramebufferSizeCallback referenced in function "public: __cdecl OpenGL::OpenGL(int,int,char const *,bool,int)" (??0OpenGL@@QEAA@HHPEBD_NH@Z)
opengl.obj : error LNK2019: unresolved external symbol glfwPollEvents referenced in function "public: void __cdecl OpenGL::pollEvents(void)" (?pollEvents@OpenGL@@QEAAXXZ)
opengl.obj : error LNK2019: unresolved external symbol glfwGetKey referenced in function "public: enum GL_KEY __cdecl OpenGL::GetKey(void)" (?GetKey@OpenGL@@QEAA?AW4GL_KEY@@XZ)
opengl.obj : error LNK2019: unresolved external symbol glfwSetKeyCallback referenced in function "public: __cdecl OpenGL::OpenGL(int,int,char const *,bool,int)" (??0OpenGL@@QEAA@HHPEBD_NH@Z)
opengl.obj : error LNK2019: unresolved external symbol glfwGetTime referenced in function "public: float __cdecl OpenGL::getTime(void)" (?getTime@OpenGL@@QEAAMXZ)
opengl.obj : error LNK2019: unresolved external symbol glfwMakeContextCurrent referenced in function "public: __cdecl OpenGL::OpenGL(int,int,char const *,bool,int)" (??0OpenGL@@QEAA@HHPEBD_NH@Z)
opengl.obj : error LNK2019: unresolved external symbol glfwSwapBuffers referenced in function "public: void __cdecl OpenGL::paintWindow(void)" (?paintWindow@OpenGL@@QEAAXXZ)
opengl.obj : error LNK2019: unresolved external symbol glfwGetProcAddress referenced in function "public: __cdecl OpenGL::OpenGL(int,int,char const *,bool,int)" (??0OpenGL@@QEAA@HHPEBD_NH@Z)
<<<<<<< Updated upstream
opengl.obj : error LNK2001: unresolved external symbol glad_glClear
opengl.obj : error LNK2001: unresolved external symbol glad_glClearColor
opengl.obj : error LNK2001: unresolved external symbol glad_glEnable
opengl.obj : error LNK2001: unresolved external symbol glad_glBlendFunc
opengl.obj : error LNK2001: unresolved external symbol glad_glViewport
opengl.obj : error LNK2001: unresolved external symbol glad_glDrawElements
opengl.obj : error LNK2001: unresolved external symbol glad_glBindBuffer
opengl.obj : error LNK2001: unresolved external symbol glad_glGenBuffers
opengl.obj : error LNK2001: unresolved external symbol glad_glBufferData
opengl.obj : error LNK2001: unresolved external symbol glad_glAttachShader
opengl.obj : error LNK2001: unresolved external symbol glad_glCompileShader
opengl.obj : error LNK2001: unresolved external symbol glad_glCreateProgram
opengl.obj : error LNK2001: unresolved external symbol glad_glCreateShader
opengl.obj : error LNK2001: unresolved external symbol glad_glDeleteShader
opengl.obj : error LNK2001: unresolved external symbol glad_glEnableVertexAttribArray
opengl.obj : error LNK2001: unresolved external symbol glad_glGetProgramiv
opengl.obj : error LNK2001: unresolved external symbol glad_glGetProgramInfoLog
opengl.obj : error LNK2001: unresolved external symbol glad_glGetShaderiv
opengl.obj : error LNK2001: unresolved external symbol glad_glGetShaderInfoLog
opengl.obj : error LNK2001: unresolved external symbol glad_glGetUniformLocation
opengl.obj : error LNK2001: unresolved external symbol glad_glLinkProgram
opengl.obj : error LNK2001: unresolved external symbol glad_glShaderSource
opengl.obj : error LNK2001: unresolved external symbol glad_glUseProgram
opengl.obj : error LNK2001: unresolved external symbol glad_glUniform3f
opengl.obj : error LNK2001: unresolved external symbol glad_glUniformMatrix4fv
opengl.obj : error LNK2001: unresolved external symbol glad_glVertexAttribPointer
opengl.obj : error LNK2001: unresolved external symbol glad_glBindVertexArray
opengl.obj : error LNK2001: unresolved external symbol glad_glGenVertexArrays
SnakeGame.obj : error LNK2019: unresolved external symbol glfwTerminate referenced in function "public: __cdecl OpenGL::~OpenGL(void)" (??1OpenGL@@QEAA@XZ)
SnakeGame.obj : error LNK2019: unresolved external symbol glfwWindowShouldClose referenced in function "public: bool __cdecl OpenGL::isClosing(void)" (?isClosing@OpenGL@@QEAA_NXZ)
D:\Python\StudHM\oop\Lab3-OOP\Snake\x64\Debug\Snake.exe : fatal error LNK1120: 43 unresolved externals
=======
Snake.obj : error LNK2019: unresolved external symbol glfwTerminate referenced in function "public: __cdecl OpenGL::~OpenGL(void)" (??1OpenGL@@QEAA@XZ)
Snake.obj : error LNK2019: unresolved external symbol glfwWindowShouldClose referenced in function "public: bool __cdecl OpenGL::isClosing(void)" (?isClosing@OpenGL@@QEAA_NXZ)
D:\Python\StudHM\oop\Lab3-OOP\Snake\x64\Debug\Snake.exe : fatal error LNK1120: 14 unresolved externals
>>>>>>> Stashed changes
