C:\Program Files\Microsoft Visual Studio\2022\Professional\MSBuild\Microsoft\VC\v170\Microsoft.CppBuild.targets(514,5): warning MSB8028: The intermediate directory (x64\Debug\) contains files shared from another project (SnakeLab4.vcxproj).  This can lead to incorrect clean and rebuild behavior.
  block.cpp
D:\Python\StudHM\oop\Lab3-OOP\Snake\block.cpp(22,16): warning C4244: '=': conversion from 'float' to 'int', possible loss of data
D:\Python\StudHM\oop\Lab3-OOP\Snake\block.cpp(23,17): warning C4244: '=': conversion from 'float' to 'int', possible loss of data
D:\Python\StudHM\oop\Lab3-OOP\Snake\block.cpp(63,17): warning C4838: conversion from 'int' to 'float' requires a narrowing conversion
D:\Python\StudHM\oop\Lab3-OOP\Snake\block.cpp(63,17): warning C4244: 'initializing': conversion from 'int' to 'float', possible loss of data
D:\Python\StudHM\oop\Lab3-OOP\Snake\block.cpp(63,24): warning C4838: conversion from 'int' to 'float' requires a narrowing conversion
D:\Python\StudHM\oop\Lab3-OOP\Snake\block.cpp(63,24): warning C4244: 'initializing': conversion from 'int' to 'float', possible loss of data
  opengl.cpp
D:\Python\StudHM\oop\Lab3-OOP\Snake\opengl.cpp(90,23): warning C4244: 'return': conversion from 'double' to 'float', possible loss of data
D:\Python\StudHM\oop\Lab3-OOP\Snake\opengl.cpp(134,27): warning C4244: 'argument': conversion from 'int' to 'float', possible loss of data
D:\Python\StudHM\oop\Lab3-OOP\Snake\opengl.cpp(134,18): warning C4244: 'argument': conversion from 'int' to 'float', possible loss of data
D:\Python\StudHM\oop\Lab3-OOP\Snake\opengl.cpp(134,9): warning C4244: 'argument': conversion from 'int' to 'float', possible loss of data
D:\Python\StudHM\oop\Lab3-OOP\Snake\opengl.cpp(142,32): warning C4838: conversion from 'float' to 'unsigned char' requires a narrowing conversion
D:\Python\StudHM\oop\Lab3-OOP\Snake\opengl.cpp(142,32): warning C4244: 'initializing': conversion from 'float' to 'unsigned char', possible loss of data
D:\Python\StudHM\oop\Lab3-OOP\Snake\opengl.cpp(142,41): warning C4838: conversion from 'float' to 'unsigned char' requires a narrowing conversion
D:\Python\StudHM\oop\Lab3-OOP\Snake\opengl.cpp(142,41): warning C4244: 'initializing': conversion from 'float' to 'unsigned char', possible loss of data
D:\Python\StudHM\oop\Lab3-OOP\Snake\opengl.cpp(142,50): warning C4838: conversion from 'float' to 'unsigned char' requires a narrowing conversion
D:\Python\StudHM\oop\Lab3-OOP\Snake\opengl.cpp(142,50): warning C4244: 'initializing': conversion from 'float' to 'unsigned char', possible loss of data
  snake.cpp
  SnakeGame.cpp
D:\Python\StudHM\oop\Lab3-OOP\Snake\SnakeGame.cpp(29,12): warning C4244: 'argument': conversion from 'time_t' to 'unsigned int', possible loss of data
D:\Python\StudHM\oop\Lab3-OOP\Snake\SnakeGame.cpp(204,13): warning C4244: 'argument': conversion from 'int' to 'float', possible loss of data
D:\Python\StudHM\oop\Lab3-OOP\Snake\SnakeGame.cpp(205,13): warning C4244: 'argument': conversion from 'int' to 'float', possible loss of data
  Generating Code...
  glad.c
LINK : warning LNK4098: defaultlib 'MSVCRT' conflicts with use of other libs; use /NODEFAULTLIB:library
  SnakeLab4.vcxproj -> D:\Python\StudHM\oop\Lab3-OOP\Snake\x64\Debug\Snake.exe
