d:\python\studhm\oop\lab3-oop\snake\x64\debug\vc143.pdb
d:\python\studhm\oop\lab3-oop\snake\x64\debug\vc143.idb
d:\python\studhm\oop\lab3-oop\snake\x64\debug\snakegame.obj
d:\python\studhm\oop\lab3-oop\snake\x64\debug\snake.obj
d:\python\studhm\oop\lab3-oop\snake\x64\debug\opengl.obj
d:\python\studhm\oop\lab3-oop\snake\x64\debug\block.obj
d:\python\studhm\oop\lab3-oop\snake\x64\debug\glad.obj
d:\python\studhm\oop\lab3-oop\snake\x64\debug\snakelab4.ilk
d:\python\studhm\oop\lab3-oop\snake\x64\debug\snake.pdb
d:\python\studhm\oop\lab3-oop\snake\x64\debug\snakelab4.pdb
d:\python\studhm\oop\lab3-oop\snake\x64\debug\block.nativecodeanalysis.xml
d:\python\studhm\oop\lab3-oop\snake\x64\debug\glad.nativecodeanalysis.xml
d:\python\studhm\oop\lab3-oop\snake\x64\debug\opengl.nativecodeanalysis.xml
d:\python\studhm\oop\lab3-oop\snake\x64\debug\snake.nativecodeanalysis.xml
d:\python\studhm\oop\lab3-oop\snake\x64\debug\snakegame.nativecodeanalysis.xml
d:\python\studhm\oop\lab3-oop\snake\x64\debug\vc.nativecodeanalysis.all.xml
d:\python\studhm\oop\lab3-oop\snake\x64\debug\snake.tlog\cl.command.1.tlog
d:\python\studhm\oop\lab3-oop\snake\x64\debug\snake.tlog\cl.read.1.tlog
d:\python\studhm\oop\lab3-oop\snake\x64\debug\snake.tlog\cl.write.1.tlog
d:\python\studhm\oop\lab3-oop\snake\x64\debug\snake.tlog\link-cvtres.read.1.tlog
d:\python\studhm\oop\lab3-oop\snake\x64\debug\snake.tlog\link-cvtres.write.1.tlog
d:\python\studhm\oop\lab3-oop\snake\x64\debug\snake.tlog\link-rc.read.1.tlog
d:\python\studhm\oop\lab3-oop\snake\x64\debug\snake.tlog\link-rc.write.1.tlog
d:\python\studhm\oop\lab3-oop\snake\x64\debug\snake.tlog\link.command.1.tlog
d:\python\studhm\oop\lab3-oop\snake\x64\debug\snake.tlog\link.read.1.tlog
d:\python\studhm\oop\lab3-oop\snake\x64\debug\snake.tlog\link.read.2.tlog
d:\python\studhm\oop\lab3-oop\snake\x64\debug\snake.tlog\link.write.1.tlog
